Using pre-set license
Built from '2021.3/release' branch; Version is '2021.3.17f1 (3e8111cac19d) revision 4096273'; Using compiler version '192829333'; Build Type 'Release'
OS: 'Windows 11  (10.0.22621) 64bit Professional' Language: 'en' Physical Memory: 16064 MB
BatchMode: 1, IsHumanControllingUs: 0, StartBugReporterOnCrash: 0, Is64bit: 1, IsPro: 1

COMMAND LINE ARGUMENTS:
C:\Program Files\Unity\Hub\Editor\2021.3.17f1\Editor\Unity.exe
-adb2
-batchMode
-noUpm
-name
AssetImportWorker0
-projectPath
C:/Users/spy21/Documents/GitHub/SejOnline/game
-logFile
Logs/AssetImportWorker0.log
-srvPort
45680
Successfully changed project path to: C:/Users/spy21/Documents/GitHub/SejOnline/game
C:/Users/spy21/Documents/GitHub/SejOnline/game
[UnityMemory] Configuration Parameters - Can be set up in boot.config
    "memorysetup-bucket-allocator-granularity=16"
    "memorysetup-bucket-allocator-bucket-count=8"
    "memorysetup-bucket-allocator-block-size=33554432"
    "memorysetup-bucket-allocator-block-count=8"
    "memorysetup-main-allocator-block-size=16777216"
    "memorysetup-thread-allocator-block-size=16777216"
    "memorysetup-gfx-main-allocator-block-size=16777216"
    "memorysetup-gfx-thread-allocator-block-size=16777216"
    "memorysetup-cache-allocator-block-size=4194304"
    "memorysetup-typetree-allocator-block-size=2097152"
    "memorysetup-profiler-bucket-allocator-granularity=16"
    "memorysetup-profiler-bucket-allocator-bucket-count=8"
    "memorysetup-profiler-bucket-allocator-block-size=33554432"
    "memorysetup-profiler-bucket-allocator-block-count=8"
    "memorysetup-profiler-allocator-block-size=16777216"
    "memorysetup-profiler-editor-allocator-block-size=1048576"
    "memorysetup-temp-allocator-size-main=16777216"
    "memorysetup-job-temp-allocator-block-size=2097152"
    "memorysetup-job-temp-allocator-block-size-background=1048576"
    "memorysetup-job-temp-allocator-reduction-small-platforms=262144"
    "memorysetup-temp-allocator-size-background-worker=32768"
    "memorysetup-temp-allocator-size-job-worker=262144"
    "memorysetup-temp-allocator-size-preload-manager=33554432"
    "memorysetup-temp-allocator-size-nav-mesh-worker=65536"
    "memorysetup-temp-allocator-size-audio-worker=65536"
    "memorysetup-temp-allocator-size-cloud-worker=32768"
    "memorysetup-temp-allocator-size-gi-baking-worker=262144"
    "memorysetup-temp-allocator-size-gfx=262144"
Player connection [19112] Host "[IP] 10.21.53.97 [Port] 0 [Flags] 2 [Guid] 4027557223 [EditorId] 4027557223 [Version] 1048832 [Id] WindowsEditor(7,LITTLE-BROTHER3) [Debug] 1 [PackageName] WindowsEditor [ProjectName] Editor" joined multi-casting on [225.0.0.222:54997]...

Player connection [19112] Host "[IP] 10.21.53.97 [Port] 0 [Flags] 2 [Guid] 4027557223 [EditorId] 4027557223 [Version] 1048832 [Id] WindowsEditor(7,LITTLE-BROTHER3) [Debug] 1 [PackageName] WindowsEditor [ProjectName] Editor" joined alternative multi-casting on [225.0.0.222:34997]...

Refreshing native plugins compatible for Editor in 73.89 ms, found 3 plugins.
Preloading 0 native plugins for Editor in 0.00 ms.
Initialize engine version: 2021.3.17f1 (3e8111cac19d)
[Subsystems] Discovering subsystems at path C:/Program Files/Unity/Hub/Editor/2021.3.17f1/Editor/Data/Resources/UnitySubsystems
[Subsystems] Discovering subsystems at path C:/Users/spy21/Documents/GitHub/SejOnline/game/Assets
GfxDevice: creating device client; threaded=0; jobified=0
Direct3D:
    Version:  Direct3D 11.0 [level 11.1]
    Renderer: Intel(R) Iris(R) Xe Graphics (ID=0x9a49)
    Vendor:   Intel
    VRAM:     8032 MB
    Driver:   31.0.101.3358
Initialize mono
Mono path[0] = 'C:/Program Files/Unity/Hub/Editor/2021.3.17f1/Editor/Data/Managed'
Mono path[1] = 'C:/Program Files/Unity/Hub/Editor/2021.3.17f1/Editor/Data/MonoBleedingEdge/lib/mono/unityjit-win32'
Mono config path = 'C:/Program Files/Unity/Hub/Editor/2021.3.17f1/Editor/Data/MonoBleedingEdge/etc'
Using monoOptions --debugger-agent=transport=dt_socket,embedding=1,server=y,suspend=n,address=127.0.0.1:56212
Begin MonoManager ReloadAssembly
Registering precompiled unity dll's ...
Register platform support module: C:/Program Files/Unity/Hub/Editor/2021.3.17f1/Editor/Data/PlaybackEngines/WindowsStandaloneSupport/UnityEditor.WindowsStandalone.Extensions.dll
Registered in 0.003883 seconds.
Native extension for WindowsStandalone target not found
Refreshing native plugins compatible for Editor in 87.97 ms, found 3 plugins.
Preloading 0 native plugins for Editor in 0.00 ms.
Mono: successfully reloaded assembly
- Completed reload, in  0.744 seconds
Domain Reload Profiling:
	ReloadAssembly (745ms)
		BeginReloadAssembly (70ms)
			ExecutionOrderSort (0ms)
			DisableScriptedObjects (0ms)
			BackupInstance (0ms)
			ReleaseScriptingObjects (0ms)
			CreateAndSetChildDomain (1ms)
		EndReloadAssembly (576ms)
			LoadAssemblies (67ms)
			RebuildTransferFunctionScriptingTraits (0ms)
			SetupTypeCache (116ms)
			ReleaseScriptCaches (0ms)
			RebuildScriptCaches (85ms)
			SetupLoadedEditorAssemblies (320ms)
				LogAssemblyErrors (0ms)
				InitializePlatformSupportModulesInManaged (16ms)
				SetLoadedEditorAssemblies (0ms)
				RefreshPlugins (88ms)
				BeforeProcessingInitializeOnLoad (1ms)
				ProcessInitializeOnLoadAttributes (150ms)
				ProcessInitializeOnLoadMethodAttributes (65ms)
				AfterProcessingInitializeOnLoad (0ms)
				EditorAssembliesLoaded (0ms)
			ExecutionOrderSort2 (0ms)
			AwakeInstancesAfterBackupRestoration (0ms)
Platform modules already initialized, skipping
Registering precompiled user dll's ...
Registered in 0.005870 seconds.
Begin MonoManager ReloadAssembly
Symbol file LoadedFromMemory doesn't match image C:\Users\spy21\Documents\GitHub\SejOnline\game\Library\PackageCache\com.unity.visualscripting@1.8.0\Editor\VisualScripting.Core\Dependencies\YamlDotNet\Unity.VisualScripting.YamlDotNet.dll
Symbol file LoadedFromMemory doesn't match image C:\Users\spy21\Documents\GitHub\SejOnline\game\Library\PackageCache\com.unity.visualscripting@1.8.0\Editor\VisualScripting.Core\Dependencies\DotNetZip\Unity.VisualScripting.IonicZip.dll
Native extension for WindowsStandalone target not found
Refreshing native plugins compatible for Editor in 0.58 ms, found 3 plugins.
Preloading 0 native plugins for Editor in 0.00 ms.
Mono: successfully reloaded assembly
- Completed reload, in  1.294 seconds
Domain Reload Profiling:
	ReloadAssembly (1297ms)
		BeginReloadAssembly (223ms)
			ExecutionOrderSort (0ms)
			DisableScriptedObjects (5ms)
			BackupInstance (0ms)
			ReleaseScriptingObjects (0ms)
			CreateAndSetChildDomain (22ms)
		EndReloadAssembly (962ms)
			LoadAssemblies (83ms)
			RebuildTransferFunctionScriptingTraits (0ms)
			SetupTypeCache (355ms)
			ReleaseScriptCaches (1ms)
			RebuildScriptCaches (50ms)
			SetupLoadedEditorAssemblies (418ms)
				LogAssemblyErrors (0ms)
				InitializePlatformSupportModulesInManaged (5ms)
				SetLoadedEditorAssemblies (0ms)
				RefreshPlugins (1ms)
				BeforeProcessingInitializeOnLoad (79ms)
				ProcessInitializeOnLoadAttributes (280ms)
				ProcessInitializeOnLoadMethodAttributes (43ms)
				AfterProcessingInitializeOnLoad (9ms)
				EditorAssembliesLoaded (0ms)
			ExecutionOrderSort2 (0ms)
			AwakeInstancesAfterBackupRestoration (8ms)
Platform modules already initialized, skipping
========================================================================
Worker process is ready to serve import requests
Launched and connected shader compiler UnityShaderCompiler.exe after 0.06 seconds
Refreshing native plugins compatible for Editor in 0.63 ms, found 3 plugins.
Preloading 0 native plugins for Editor in 0.00 ms.
Unloading 3430 Unused Serialized files (Serialized files now loaded: 0)
Unloading 27 unused Assets / (113.4 KB). Loaded Objects now: 3888.
Memory consumption went from 119.2 MB to 119.1 MB.
Total: 3.110100 ms (FindLiveObjects: 0.314700 ms CreateObjectMapping: 0.274500 ms MarkObjects: 2.420700 ms  DeleteObjects: 0.098800 ms)

AssetImportParameters requested are different than current active one (requested -> active):
  custom:video-decoder-ogg-theora: a1e56fd34408186e4bbccfd4996cb3dc -> 
  custom:container-muxer-webm: aa71ff27fc2769a1b78a27578f13a17b -> 
  custom:container-demuxer-webm: 4f35f7cbe854078d1ac9338744f61a02 -> 
  custom:video-encoder-webm-vp8: eb34c28f22e8b96e1ab97ce403110664 -> 
  custom:video-codec-MediaFoundation-h265: 746d11721c4dcdbdad8f713fa42b33f4 -> 
  custom:audio-encoder-webm-vorbis: bf7c407c2cedff20999df2af8eb42d56 -> 
  custom:framework-win-MediaFoundation: 216162199b28c13a410421893ffa2e32 -> 
  custom:container-demuxer-ogg: 62fdf1f143b41e24485cea50d1cbac27 -> 
  custom:video-decoder-webm-vp8: 9c59270c3fd7afecdb556c50c9e8de78 -> 
  custom:audio-decoder-ogg-vorbis: bf7c407c2cedff20999df2af8eb42d56 -> 
========================================================================
Received Import Request.
  Time since last request: 187708.544212 seconds.
  path: Assets/Game
  artifactKey: Guid(0280bd48923ced043b857d14961483a0) Importer(815301076,1909f56bfc062723c751e8b465ee728b)
Start importing Assets/Game using Guid(0280bd48923ced043b857d14961483a0) Importer(815301076,1909f56bfc062723c751e8b465ee728b)  -> (artifact id: '7bdc6cae114770c7b28d0d77f9192a8a') in 0.007658 seconds 
========================================================================
Received Import Request.
  Time since last request: 0.000027 seconds.
  path: Assets/Game/Main Camera.prefab
  artifactKey: Guid(f7680172dc2e62d42b7d92901177e21c) Importer(815301076,1909f56bfc062723c751e8b465ee728b)
Start importing Assets/Game/Main Camera.prefab using Guid(f7680172dc2e62d42b7d92901177e21c) Importer(815301076,1909f56bfc062723c751e8b465ee728b)  -> (artifact id: 'ffb15eca7440aafa88fd86ca6f1b1143') in 0.043495 seconds 
========================================================================
Received Import Request.
  Time since last request: 0.000031 seconds.
  path: Assets/Game/heavy_outlined_black_star_u272E_icon_256x256.png
  artifactKey: Guid(75bbcba3d5ca9b748b4ae52416bb0a27) Importer(815301076,1909f56bfc062723c751e8b465ee728b)
Start importing Assets/Game/heavy_outlined_black_star_u272E_icon_256x256.png using Guid(75bbcba3d5ca9b748b4ae52416bb0a27) Importer(815301076,1909f56bfc062723c751e8b465ee728b)  -> (artifact id: '72119d143e572c6437ec3739e02de917') in 0.078372 seconds 
========================================================================
Received Import Request.
  Time since last request: 4.657424 seconds.
  path: Assets/Game/ButtonUI.cs
  artifactKey: Guid(f4322d3d05a087543b4b8af331f20573) Importer(815301076,1909f56bfc062723c751e8b465ee728b)
Start importing Assets/Game/ButtonUI.cs using Guid(f4322d3d05a087543b4b8af331f20573) Importer(815301076,1909f56bfc062723c751e8b465ee728b)  -> (artifact id: '53f8711615fffee2e40fce738aa42ecf') in 0.010921 seconds 
========================================================================
Received Import Request.
  Time since last request: 28.345834 seconds.
  path: Assets/Game/DisplayDieSide.cs
  artifactKey: Guid(76387eafcd05c3143b78562f0f371efe) Importer(815301076,1909f56bfc062723c751e8b465ee728b)
Start importing Assets/Game/DisplayDieSide.cs using Guid(76387eafcd05c3143b78562f0f371efe) Importer(815301076,1909f56bfc062723c751e8b465ee728b)  -> (artifact id: '644ee448161ce198b4ea4ddf8e4d2286') in 0.001622 seconds 
========================================================================
Received Import Request.
  Time since last request: 1.229708 seconds.
  path: Assets/Game/DisplayWandSide.cs
  artifactKey: Guid(b7f28c8f419115d4a8add78420217e2b) Importer(815301076,1909f56bfc062723c751e8b465ee728b)
Start importing Assets/Game/DisplayWandSide.cs using Guid(b7f28c8f419115d4a8add78420217e2b) Importer(815301076,1909f56bfc062723c751e8b465ee728b)  -> (artifact id: 'cb601b22b9969130dcb08efa52f2dd24') in 0.001442 seconds 
========================================================================
Received Import Request.
  Time since last request: 0.662314 seconds.
  path: Assets/Game/EventHandler.cs
  artifactKey: Guid(4b03bc0f424dfda468230a66a99ffcfe) Importer(815301076,1909f56bfc062723c751e8b465ee728b)
Start importing Assets/Game/EventHandler.cs using Guid(4b03bc0f424dfda468230a66a99ffcfe) Importer(815301076,1909f56bfc062723c751e8b465ee728b)  -> (artifact id: 'c8a0b1e2934305302ef7d3ba35367243') in 0.001721 seconds 
========================================================================
Received Import Request.
  Time since last request: 1.010879 seconds.
  path: Assets/Game/GameModel.cs
  artifactKey: Guid(f2f980403c32a3d4ebdd9072877b5c6f) Importer(815301076,1909f56bfc062723c751e8b465ee728b)
Start importing Assets/Game/GameModel.cs using Guid(f2f980403c32a3d4ebdd9072877b5c6f) Importer(815301076,1909f56bfc062723c751e8b465ee728b)  -> (artifact id: '2df4e2b7f59fc1e99361f867656ba9ad') in 0.001984 seconds 
========================================================================
Received Import Request.
  Time since last request: 124.905901 seconds.
  path: Assets/Menu/background.jpg
  artifactKey: Guid(64f6e9216116dc94691ba364d6b1899c) Importer(815301076,1909f56bfc062723c751e8b465ee728b)
Start importing Assets/Menu/background.jpg using Guid(64f6e9216116dc94691ba364d6b1899c) Importer(815301076,1909f56bfc062723c751e8b465ee728b)  -> (artifact id: '3a31db31c77aed376c2cff1381570dc2') in 0.113372 seconds 
========================================================================
Received Import Request.
  Time since last request: 14.377520 seconds.
  path: Assets/Scenes/Game.unity
  artifactKey: Guid(ca1377ec188c2f44282fb38e23dc6bf2) Importer(815301076,1909f56bfc062723c751e8b465ee728b)
Start importing Assets/Scenes/Game.unity using Guid(ca1377ec188c2f44282fb38e23dc6bf2) Importer(815301076,1909f56bfc062723c751e8b465ee728b)  -> (artifact id: '5c1c4c997b0428cbe9af617ba57c2dd5') in 0.002334 seconds 
========================================================================
Received Import Request.
  Time since last request: 43.144298 seconds.
  path: Assets/Scenes/Menu.unity
  artifactKey: Guid(9fc0d4010bbf28b4594072e72b8655ab) Importer(815301076,1909f56bfc062723c751e8b465ee728b)
Start importing Assets/Scenes/Menu.unity using Guid(9fc0d4010bbf28b4594072e72b8655ab) Importer(815301076,1909f56bfc062723c751e8b465ee728b)  -> (artifact id: '897eef54d4bd523c55f4d3a0092f1b7c') in 0.001693 seconds 
